app/build/outputs/logs/manifest-merger-debug-report.txt
-- Merging decision tree log ---
manifest
ADDED from src\main\AndroidManifest.xml:2:1-184:12
	package
		ADDED from src\main\AndroidManifest.xml:3:11-44
		INJECTED from src\main\AndroidManifest.xml
		INJECTED from src\main\AndroidManifest.xml
	android:versionName
		ADDED from src\main\AndroidManifest.xml:5:11-38
		INJECTED from src\main\AndroidManifest.xml
		INJECTED from src\main\AndroidManifest.xml
	android:versionCode
		ADDED from src\main\AndroidManifest.xml:4:11-34
		INJECTED from src\main\AndroidManifest.xml
		INJECTED from src\main\AndroidManifest.xml
	xmlns:android
		ADDED from src\main\AndroidManifest.xml:2:11-69
uses-sdk
ADDED from src\main\AndroidManifest.xml:7:5-9:40
	android:targetSdkVersion
		ADDED from src\main\AndroidManifest.xml:9:9-38
		INJECTED from src\main\AndroidManifest.xml
		INJECTED from src\main\AndroidManifest.xml
	android:minSdkVersion
		ADDED from src\main\AndroidManifest.xml:8:9-35
		INJECTED from src\main\AndroidManifest.xml
		INJECTED from src\main\AndroidManifest.xml
instrumentation
ADDED from src\main\AndroidManifest.xml:12:5-15:23
	android:targetPackage
		ADDED from src\main\AndroidManifest.xml:14:9-56
	android:name
		ADDED from src\main\AndroidManifest.xml:13:9-62
uses-permission#android.permission.ACCESS_WIFI_STATE
ADDED from src\main\AndroidManifest.xml:17:5-75
	android:name
		ADDED from src\main\AndroidManifest.xml:17:22-73
uses-permission#android.permission.ACCESS_NETWORK_STATE
ADDED from src\main\AndroidManifest.xml:18:5-78
	android:name
		ADDED from src\main\AndroidManifest.xml:18:22-76
uses-permission#android.permission.INTERNET
ADDED from src\main\AndroidManifest.xml:19:5-66
	android:name
		ADDED from src\main\AndroidManifest.xml:19:22-64
uses-permission#android.permission.WRITE_EXTERNAL_STORAGE
ADDED from src\main\AndroidManifest.xml:20:5-80
	android:name
		ADDED from src\main\AndroidManifest.xml:20:22-78
uses-permission#android.permission.READ_EXTERNAL_STORAGE
ADDED from src\main\AndroidManifest.xml:21:5-79
	android:name
		ADDED from src\main\AndroidManifest.xml:21:22-77
uses-permission#android.permission.READ_PHONE_STATE
ADDED from src\main\AndroidManifest.xml:22:5-74
	android:name
		ADDED from src\main\AndroidManifest.xml:22:22-72
uses-permission#android.permission.READ_CONTACTS
ADDED from src\main\AndroidManifest.xml:23:5-71
	android:name
		ADDED from src\main\AndroidManifest.xml:23:22-69
uses-permission#android.permission.RECEIVE_BOOT_COMPLETED
ADDED from src\main\AndroidManifest.xml:24:5-80
	android:name
		ADDED from src\main\AndroidManifest.xml:24:22-78
uses-permission#android.permission.SEND_SMS
ADDED from src\main\AndroidManifest.xml:25:5-66
	android:name
		ADDED from src\main\AndroidManifest.xml:25:22-64
uses-permission#android.permission.RECEIVE_SMS
ADDED from src\main\AndroidManifest.xml:26:5-69
	android:name
		ADDED from src\main\AndroidManifest.xml:26:22-67
uses-permission#android.permission.ACCESS_FINE_LOCATION
ADDED from src\main\AndroidManifest.xml:27:5-78
	android:name
		ADDED from src\main\AndroidManifest.xml:27:22-76
uses-permission#android.permission.ACCESS_COARSE_LOCATION
ADDED from src\main\AndroidManifest.xml:28:5-80
	android:name
		ADDED from src\main\AndroidManifest.xml:28:22-78
uses-permission#android.permission.ACCESS_MOCK_LOCATION
ADDED from src\main\AndroidManifest.xml:29:5-78
	android:name
		ADDED from src\main\AndroidManifest.xml:29:22-76
uses-permission#android.permission.CALL_PHONE
ADDED from src\main\AndroidManifest.xml:30:5-68
	android:name
		ADDED from src\main\AndroidManifest.xml:30:22-66
uses-permission#android.permission.WRITE_CALL_LOG
ADDED from src\main\AndroidManifest.xml:31:5-72
	android:name
		ADDED from src\main\AndroidManifest.xml:31:22-70
uses-permission#android.permission.READ_CALL_LOG
ADDED from src\main\AndroidManifest.xml:32:5-71
	android:name
		ADDED from src\main\AndroidManifest.xml:32:22-69
uses-permission#android.permission.WRITE_CONTACTS
ADDED from src\main\AndroidManifest.xml:33:5-72
	android:name
		ADDED from src\main\AndroidManifest.xml:33:22-70
uses-permission#android.permission.VIBRATE
ADDED from src\main\AndroidManifest.xml:34:5-65
	android:name
		ADDED from src\main\AndroidManifest.xml:34:22-63
uses-permission#android.permission.PROCESS_OUTGOING_CALLS
ADDED from src\main\AndroidManifest.xml:35:5-80
	android:name
		ADDED from src\main\AndroidManifest.xml:35:22-78
uses-permission#android.permission.SYSTEM_ALERT_WINDOW
ADDED from src\main\AndroidManifest.xml:36:5-77
	android:name
		ADDED from src\main\AndroidManifest.xml:36:22-75
uses-permission#android.permission.READ_SMS
ADDED from src\main\AndroidManifest.xml:37:5-66
	android:name
		ADDED from src\main\AndroidManifest.xml:37:22-64
uses-permission#android.permission.WRITE_SMS
ADDED from src\main\AndroidManifest.xml:38:5-67
	android:name
		ADDED from src\main\AndroidManifest.xml:38:22-65
uses-permission#com.android.launcher.permission.INSTALL_SHORTCUT
ADDED from src\main\AndroidManifest.xml:39:5-87
	android:name
		ADDED from src\main\AndroidManifest.xml:39:22-85
uses-permission#android.permission.KILL_BACKGROUND_PROCESSES
ADDED from src\main\AndroidManifest.xml:40:5-83
	android:name
		ADDED from src\main\AndroidManifest.xml:40:22-81
uses-permission#android.permission.GET_TASKS
ADDED from src\main\AndroidManifest.xml:41:5-67
	android:name
		ADDED from src\main\AndroidManifest.xml:41:22-65
uses-permission#android.permission.GET_PACKAGE_SIZE
ADDED from src\main\AndroidManifest.xml:42:5-74
	android:name
		ADDED from src\main\AndroidManifest.xml:42:22-72
uses-permission#android.permission.CLEAR_APP_CACHE
ADDED from src\main\AndroidManifest.xml:43:5-73
	android:name
		ADDED from src\main\AndroidManifest.xml:43:22-71
application
ADDED from src\main\AndroidManifest.xml:45:5-182:19
	android:label
		ADDED from src\main\AndroidManifest.xml:49:9-41
	android:allowBackup
		ADDED from src\main\AndroidManifest.xml:47:9-35
	android:icon
		ADDED from src\main\AndroidManifest.xml:48:9-45
	android:persistent
		ADDED from src\main\AndroidManifest.xml:50:9-34
	android:theme
		ADDED from src\main\AndroidManifest.xml:51:9-40
	android:name
		ADDED from src\main\AndroidManifest.xml:46:9-45
uses-library#android.test.runner
ADDED from src\main\AndroidManifest.xml:52:9-53:24
	android:name
		ADDED from src\main\AndroidManifest.xml:52:23-57
activity#com.itheima.mobileguard.activities.SplashActivity
ADDED from src\main\AndroidManifest.xml:55:9-63:20
	android:label
		ADDED from src\main\AndroidManifest.xml:57:13-45
	android:name
		ADDED from src\main\AndroidManifest.xml:56:13-77
intent-filter#android.intent.action.MAIN+android.intent.category.LAUNCHER
ADDED from src\main\AndroidManifest.xml:58:13-62:29
action#android.intent.action.MAIN
ADDED from src\main\AndroidManifest.xml:59:17-68
	android:name
		ADDED from src\main\AndroidManifest.xml:59:25-66
category#android.intent.category.LAUNCHER
ADDED from src\main\AndroidManifest.xml:61:17-76
	android:name
		ADDED from src\main\AndroidManifest.xml:61:27-74
activity#com.itheima.mobileguard.activities.HomeActivity
ADDED from src\main\AndroidManifest.xml:64:9-72:20
	android:launchMode
		ADDED from src\main\AndroidManifest.xml:66:13-44
	android:name
		ADDED from src\main\AndroidManifest.xml:65:13-75
intent-filter#android.intent.category.DEFAULT+ooo.aaa.bbb
ADDED from src\main\AndroidManifest.xml:67:13-71:29
action#ooo.aaa.bbb
ADDED from src\main\AndroidManifest.xml:68:17-53
	android:name
		ADDED from src\main\AndroidManifest.xml:68:25-51
category#android.intent.category.DEFAULT
ADDED from src\main\AndroidManifest.xml:70:17-75
	android:name
		ADDED from src\main\AndroidManifest.xml:70:27-73
activity#com.itheima.mobileguard.activities.LostFindActivity
ADDED from src\main\AndroidManifest.xml:73:9-74:20
	android:name
		ADDED from src\main\AndroidManifest.xml:73:19-85
activity#com.itheima.mobileguard.activities.Setup1Activity
ADDED from src\main\AndroidManifest.xml:75:9-76:20
	android:name
		ADDED from src\main\AndroidManifest.xml:75:19-83
activity#com.itheima.mobileguard.activities.Setup2Activity
ADDED from src\main\AndroidManifest.xml:77:9-78:20
	android:name
		ADDED from src\main\AndroidManifest.xml:77:19-83
activity#com.itheima.mobileguard.activities.Setup3Activity
ADDED from src\main\AndroidManifest.xml:79:9-80:20
	android:name
		ADDED from src\main\AndroidManifest.xml:79:19-83
activity#com.itheima.mobileguard.activities.Setup4Activity
ADDED from src\main\AndroidManifest.xml:81:9-82:20
	android:name
		ADDED from src\main\AndroidManifest.xml:81:19-83
activity#com.itheima.mobileguard.activities.SelectContactActivity
ADDED from src\main\AndroidManifest.xml:83:9-84:20
	android:name
		ADDED from src\main\AndroidManifest.xml:83:19-90
activity#com.itheima.mobileguard.activities.SettingCenterActivity
ADDED from src\main\AndroidManifest.xml:85:9-86:20
	android:name
		ADDED from src\main\AndroidManifest.xml:85:19-90
activity#com.itheima.mobileguard.activities.CallSmsSafeActivity
ADDED from src\main\AndroidManifest.xml:87:9-88:20
	android:name
		ADDED from src\main\AndroidManifest.xml:87:19-88
activity#com.itheima.mobileguard.activities.AtoolsActivity
ADDED from src\main\AndroidManifest.xml:89:9-90:20
	android:name
		ADDED from src\main\AndroidManifest.xml:89:19-83
activity#com.itheima.mobileguard.activities.NumberAddressQueryActivity
ADDED from src\main\AndroidManifest.xml:91:9-92:20
	android:name
		ADDED from src\main\AndroidManifest.xml:91:19-95
activity#com.itheima.mobileguard.activities.AppManagerActivity
ADDED from src\main\AndroidManifest.xml:93:9-94:20
	android:name
		ADDED from src\main\AndroidManifest.xml:93:19-87
activity#com.itheima.mobileguard.activities.TaskManagerActivity
ADDED from src\main\AndroidManifest.xml:95:9-96:20
	android:name
		ADDED from src\main\AndroidManifest.xml:95:19-88
activity#com.itheima.mobileguard.activities.TaskManagerSettingActivity
ADDED from src\main\AndroidManifest.xml:97:9-98:20
	android:name
		ADDED from src\main\AndroidManifest.xml:97:19-95
activity#com.itheima.mobileguard.activities.TrafficManagerActivity
ADDED from src\main\AndroidManifest.xml:99:9-100:20
	android:name
		ADDED from src\main\AndroidManifest.xml:99:19-91
activity#com.itheima.mobileguard.activities.AppLockActivity
ADDED from src\main\AndroidManifest.xml:101:9-102:20
	android:name
		ADDED from src\main\AndroidManifest.xml:101:19-84
activity#com.itheima.mobileguard.activities.EnterPwdActivity
ADDED from src\main\AndroidManifest.xml:103:9-106:20
	android:launchMode
		ADDED from src\main\AndroidManifest.xml:105:13-48
	android:name
		ADDED from src\main\AndroidManifest.xml:104:13-79
activity#com.itheima.mobileguard.activities.AntiVirusActivity
ADDED from src\main\AndroidManifest.xml:107:9-110:20
	android:configChanges
		ADDED from src\main\AndroidManifest.xml:109:13-74
	android:name
		ADDED from src\main\AndroidManifest.xml:108:13-80
activity#com.itheima.mobileguard.activities.CleanCacheActivity
ADDED from src\main\AndroidManifest.xml:111:9-112:20
	android:name
		ADDED from src\main\AndroidManifest.xml:111:19-87
service#com.itheima.mobileguard.services.LocationService
ADDED from src\main\AndroidManifest.xml:114:9-117:19
	android:persistent
		ADDED from src\main\AndroidManifest.xml:116:13-38
	android:name
		ADDED from src\main\AndroidManifest.xml:115:13-76
service#com.itheima.mobileguard.services.CallSmsSafeService
ADDED from src\main\AndroidManifest.xml:118:9-121:19
	android:persistent
		ADDED from src\main\AndroidManifest.xml:120:13-38
	android:name
		ADDED from src\main\AndroidManifest.xml:119:13-79
service#com.itheima.mobileguard.services.ShowLocationService
ADDED from src\main\AndroidManifest.xml:122:9-125:19
	android:persistent
		ADDED from src\main\AndroidManifest.xml:124:13-38
	android:name
		ADDED from src\main\AndroidManifest.xml:123:13-80
service#com.itheima.mobileguard.services.AutoKillService
ADDED from src\main\AndroidManifest.xml:126:9-127:19
	android:name
		ADDED from src\main\AndroidManifest.xml:126:18-81
service#com.itheima.mobileguard.services.UpdateWidgetService
ADDED from src\main\AndroidManifest.xml:128:9-129:19
	android:name
		ADDED from src\main\AndroidManifest.xml:128:18-85
service#com.itheima.mobileguard.services.WatchDogService
ADDED from src\main\AndroidManifest.xml:130:9-131:19
	android:name
		ADDED from src\main\AndroidManifest.xml:130:18-81
receiver#com.itheima.mobileguard.receivers.BootCompleteReceiver
ADDED from src\main\AndroidManifest.xml:133:9-137:20
	android:name
		ADDED from src\main\AndroidManifest.xml:133:19-88
intent-filter#android.intent.action.BOOT_COMPLETED
ADDED from src\main\AndroidManifest.xml:134:13-136:29
action#android.intent.action.BOOT_COMPLETED
ADDED from src\main\AndroidManifest.xml:135:17-78
	android:name
		ADDED from src\main\AndroidManifest.xml:135:25-76
receiver#com.itheima.mobileguard.receivers.SmsReceiver
ADDED from src\main\AndroidManifest.xml:138:9-142:20
	android:name
		ADDED from src\main\AndroidManifest.xml:138:19-79
intent-filter#android.provider.Telephony.SMS_RECEIVED
ADDED from src\main\AndroidManifest.xml:139:13-141:29
	android:priority
		ADDED from src\main\AndroidManifest.xml:139:28-57
action#android.provider.Telephony.SMS_RECEIVED
ADDED from src\main\AndroidManifest.xml:140:17-81
	android:name
		ADDED from src\main\AndroidManifest.xml:140:25-79
receiver#com.itheima.mobileguard.receivers.MyDeviceAdmin
ADDED from src\main\AndroidManifest.xml:144:9-156:20
	android:label
		ADDED from src\main\AndroidManifest.xml:147:13-56
	android:permission
		ADDED from src\main\AndroidManifest.xml:148:13-70
	android:description
		ADDED from src\main\AndroidManifest.xml:146:13-74
	android:name
		ADDED from src\main\AndroidManifest.xml:145:13-75
meta-data#android.app.device_admin
ADDED from src\main\AndroidManifest.xml:149:13-151:62
	android:resource
		ADDED from src\main\AndroidManifest.xml:151:17-60
	android:name
		ADDED from src\main\AndroidManifest.xml:150:17-56
intent-filter#android.app.action.DEVICE_ADMIN_ENABLED
ADDED from src\main\AndroidManifest.xml:153:13-155:29
action#android.app.action.DEVICE_ADMIN_ENABLED
ADDED from src\main\AndroidManifest.xml:154:17-81
	android:name
		ADDED from src\main\AndroidManifest.xml:154:25-79
receiver#com.itheima.mobileguard.receivers.MyWidget
ADDED from src\main\AndroidManifest.xml:159:9-167:20
	android:name
		ADDED from src\main\AndroidManifest.xml:159:19-76
intent-filter#android.appwidget.action.APPWIDGET_UPDATE
ADDED from src\main\AndroidManifest.xml:160:13-162:29
action#android.appwidget.action.APPWIDGET_UPDATE
ADDED from src\main\AndroidManifest.xml:161:17-83
	android:name
		ADDED from src\main\AndroidManifest.xml:161:25-81
meta-data#android.appwidget.provider
ADDED from src\main\AndroidManifest.xml:164:13-166:65
	android:resource
		ADDED from src\main\AndroidManifest.xml:166:17-63
	android:name
		ADDED from src\main\AndroidManifest.xml:165:17-58
receiver#com.itheima.mobileguard.receivers.KillAllRecevier
ADDED from src\main\AndroidManifest.xml:168:9-172:20
	android:name
		ADDED from src\main\AndroidManifest.xml:168:19-83
intent-filter#com.itheima.killall
ADDED from src\main\AndroidManifest.xml:169:13-171:29
action#com.itheima.killall
ADDED from src\main\AndroidManifest.xml:170:17-61
	android:name
		ADDED from src\main\AndroidManifest.xml:170:25-59
activity#com.startapp.android.publish.list3d.List3DActivity
ADDED from src\main\AndroidManifest.xml:175:9-177:51
	android:theme
		ADDED from src\main\AndroidManifest.xml:177:13-49
	android:name
		ADDED from src\main\AndroidManifest.xml:176:13-78
activity#com.startapp.android.publish.AppWallActivity
ADDED from src\main\AndroidManifest.xml:178:9-181:63
	android:configChanges
		ADDED from src\main\AndroidManifest.xml:180:13-74
	android:theme
		ADDED from src\main\AndroidManifest.xml:181:13-61
	android:name
		ADDED from src\main\AndroidManifest.xml:179:13-72